{"D:\\Web\\Netology\\ajs\\typescript\\TotalSum\\src\\ts\\domain\\Book.ts": {"path":"D:\\Web\\Netology\\ajs\\typescript\\TotalSum\\src\\ts\\domain\\Book.ts","statementMap":{"0":{"start":{"line":13,"column":0},"end":{"line":13,"column":null}},"1":{"start":{"line":15,"column":17},"end":{"line":15,"column":27}},"2":{"start":{"line":16,"column":17},"end":{"line":16,"column":29}},"3":{"start":{"line":17,"column":17},"end":{"line":17,"column":31}},"4":{"start":{"line":18,"column":17},"end":{"line":18,"column":30}},"5":{"start":{"line":19,"column":17},"end":{"line":19,"column":30}},"6":{"start":{"line":21,"column":0},"end":{"line":21,"column":null}}},"fnMap":{"0":{"name":"(anonymous_0)","decl":{"start":{"line":13,"column":0},"end":{"line":13,"column":null}},"loc":{"start":{"line":13,"column":0},"end":{"line":21,"column":null}}},"1":{"name":"Book","decl":{"start":{"line":14,"column":4},"end":{"line":14,"column":null}},"loc":{"start":{"line":19,"column":30},"end":{"line":20,"column":9}}}},"branchMap":{},"s":{"0":1,"1":5,"2":5,"3":5,"4":5,"5":5,"6":1},"f":{"0":1,"1":5},"b":{}}
,"D:\\Web\\Netology\\ajs\\typescript\\TotalSum\\src\\ts\\domain\\Movie.ts": {"path":"D:\\Web\\Netology\\ajs\\typescript\\TotalSum\\src\\ts\\domain\\Movie.ts","statementMap":{"0":{"start":{"line":13,"column":0},"end":{"line":13,"column":null}},"1":{"start":{"line":15,"column":17},"end":{"line":15,"column":27}},"2":{"start":{"line":16,"column":17},"end":{"line":16,"column":29}},"3":{"start":{"line":17,"column":17},"end":{"line":17,"column":36}},"4":{"start":{"line":18,"column":17},"end":{"line":18,"column":30}},"5":{"start":{"line":19,"column":17},"end":{"line":19,"column":29}},"6":{"start":{"line":20,"column":17},"end":{"line":20,"column":32}},"7":{"start":{"line":21,"column":17},"end":{"line":21,"column":32}},"8":{"start":{"line":22,"column":17},"end":{"line":22,"column":30}},"9":{"start":{"line":23,"column":17},"end":{"line":23,"column":33}},"10":{"start":{"line":25,"column":0},"end":{"line":25,"column":null}}},"fnMap":{"0":{"name":"(anonymous_0)","decl":{"start":{"line":13,"column":0},"end":{"line":13,"column":null}},"loc":{"start":{"line":13,"column":0},"end":{"line":25,"column":null}}},"1":{"name":"Movie","decl":{"start":{"line":14,"column":4},"end":{"line":14,"column":null}},"loc":{"start":{"line":23,"column":33},"end":{"line":24,"column":9}}}},"branchMap":{},"s":{"0":1,"1":5,"2":5,"3":5,"4":5,"5":5,"6":5,"7":5,"8":5,"9":5,"10":1},"f":{"0":1,"1":5},"b":{}}
,"D:\\Web\\Netology\\ajs\\typescript\\TotalSum\\src\\ts\\domain\\MusicAlbum.ts": {"path":"D:\\Web\\Netology\\ajs\\typescript\\TotalSum\\src\\ts\\domain\\MusicAlbum.ts","statementMap":{"0":{"start":{"line":3,"column":0},"end":{"line":3,"column":null}},"1":{"start":{"line":5,"column":17},"end":{"line":5,"column":27}},"2":{"start":{"line":6,"column":17},"end":{"line":6,"column":29}},"3":{"start":{"line":7,"column":17},"end":{"line":7,"column":31}},"4":{"start":{"line":8,"column":17},"end":{"line":8,"column":30}},"5":{"start":{"line":10,"column":0},"end":{"line":10,"column":null}}},"fnMap":{"0":{"name":"(anonymous_0)","decl":{"start":{"line":3,"column":0},"end":{"line":3,"column":null}},"loc":{"start":{"line":3,"column":0},"end":{"line":10,"column":null}}},"1":{"name":"MusicAlbum","decl":{"start":{"line":4,"column":4},"end":{"line":4,"column":null}},"loc":{"start":{"line":8,"column":30},"end":{"line":9,"column":9}}}},"branchMap":{},"s":{"0":1,"1":5,"2":5,"3":5,"4":5,"5":1},"f":{"0":1,"1":5},"b":{}}
,"D:\\Web\\Netology\\ajs\\typescript\\TotalSum\\src\\ts\\service\\Cart.ts": {"path":"D:\\Web\\Netology\\ajs\\typescript\\TotalSum\\src\\ts\\service\\Cart.ts","statementMap":{"0":{"start":{"line":3,"column":0},"end":{"line":3,"column":null}},"1":{"start":{"line":4,"column":12},"end":{"line":4,"column":35}},"2":{"start":{"line":6,"column":4},"end":{"line":8,"column":null}},"3":{"start":{"line":7,"column":8},"end":{"line":7,"column":31}},"4":{"start":{"line":9,"column":4},"end":{"line":11,"column":null}},"5":{"start":{"line":10,"column":8},"end":{"line":10,"column":67}},"6":{"start":{"line":10,"column":47},"end":{"line":10,"column":64}},"7":{"start":{"line":12,"column":4},"end":{"line":15,"column":null}},"8":{"start":{"line":13,"column":18},"end":{"line":13,"column":69}},"9":{"start":{"line":13,"column":50},"end":{"line":13,"column":67}},"10":{"start":{"line":14,"column":7},"end":{"line":14,"column":40}},"11":{"start":{"line":16,"column":4},"end":{"line":22,"column":null}},"12":{"start":{"line":17,"column":8},"end":{"line":21,"column":null}},"13":{"start":{"line":17,"column":42},"end":{"line":17,"column":59}},"14":{"start":{"line":18,"column":12},"end":{"line":18,"column":null}},"15":{"start":{"line":18,"column":61},"end":{"line":18,"column":78}},"16":{"start":{"line":20,"column":12},"end":{"line":20,"column":null}},"17":{"start":{"line":23,"column":4},"end":{"line":25,"column":null}},"18":{"start":{"line":24,"column":8},"end":{"line":24,"column":32}},"19":{"start":{"line":26,"column":0},"end":{"line":26,"column":null}}},"fnMap":{"0":{"name":"(anonymous_1)","decl":{"start":{"line":3,"column":0},"end":{"line":3,"column":null}},"loc":{"start":{"line":3,"column":0},"end":{"line":26,"column":null}}},"1":{"name":"(anonymous_3)","decl":{"start":{"line":6,"column":4},"end":{"line":6,"column":7}},"loc":{"start":{"line":6,"column":21},"end":{"line":8,"column":5}}},"2":{"name":"(anonymous_4)","decl":{"start":{"line":9,"column":4},"end":{"line":9,"column":12}},"loc":{"start":{"line":9,"column":4},"end":{"line":11,"column":5}}},"3":{"name":"(anonymous_5)","decl":{"start":{"line":10,"column":34},"end":{"line":10,"column":35}},"loc":{"start":{"line":10,"column":42},"end":{"line":10,"column":50}}},"4":{"name":"(anonymous_6)","decl":{"start":{"line":12,"column":4},"end":{"line":12,"column":17}},"loc":{"start":{"line":12,"column":30},"end":{"line":15,"column":5}}},"5":{"name":"(anonymous_7)","decl":{"start":{"line":13,"column":37},"end":{"line":13,"column":38}},"loc":{"start":{"line":13,"column":45},"end":{"line":13,"column":53}}},"6":{"name":"(anonymous_8)","decl":{"start":{"line":16,"column":4},"end":{"line":16,"column":14}},"loc":{"start":{"line":16,"column":29},"end":{"line":22,"column":5}}},"7":{"name":"(anonymous_9)","decl":{"start":{"line":17,"column":35},"end":{"line":17,"column":40}},"loc":{"start":{"line":17,"column":40},"end":{"line":17,"column":47}}},"8":{"name":"(anonymous_10)","decl":{"start":{"line":18,"column":54},"end":{"line":18,"column":59}},"loc":{"start":{"line":18,"column":59},"end":{"line":18,"column":66}}},"9":{"name":"(anonymous_11)","decl":{"start":{"line":23,"column":4},"end":{"line":23,"column":8}},"loc":{"start":{"line":23,"column":4},"end":{"line":25,"column":5}}}},"branchMap":{"0":{"loc":{"start":{"line":17,"column":8},"end":{"line":21,"column":null}},"type":"if","locations":[{"start":{"line":17,"column":8},"end":{"line":21,"column":null}},{"start":{"line":19,"column":15},"end":{"line":21,"column":null}}]}},"s":{"0":1,"1":6,"2":1,"3":15,"4":1,"5":1,"6":3,"7":1,"8":1,"9":3,"10":1,"11":1,"12":2,"13":4,"14":1,"15":1,"16":1,"17":1,"18":3,"19":1},"f":{"0":7,"1":15,"2":1,"3":3,"4":1,"5":3,"6":2,"7":4,"8":1,"9":3},"b":{"0":[1,1]}}
}
