TN:
SF:src\ts\domain\Book.ts
FN:13,(anonymous_0)
FN:14,Book
FNF:2
FNH:2
FNDA:1,(anonymous_0)
FNDA:5,Book
DA:13,1
DA:15,5
DA:16,5
DA:17,5
DA:18,5
DA:19,5
DA:21,1
LF:7
LH:7
BRF:0
BRH:0
end_of_record
TN:
SF:src\ts\domain\Movie.ts
FN:13,(anonymous_0)
FN:14,Movie
FNF:2
FNH:2
FNDA:1,(anonymous_0)
FNDA:5,Movie
DA:13,1
DA:15,5
DA:16,5
DA:17,5
DA:18,5
DA:19,5
DA:20,5
DA:21,5
DA:22,5
DA:23,5
DA:25,1
LF:11
LH:11
BRF:0
BRH:0
end_of_record
TN:
SF:src\ts\domain\MusicAlbum.ts
FN:3,(anonymous_0)
FN:4,MusicAlbum
FNF:2
FNH:2
FNDA:1,(anonymous_0)
FNDA:5,MusicAlbum
DA:3,1
DA:5,5
DA:6,5
DA:7,5
DA:8,5
DA:10,1
LF:6
LH:6
BRF:0
BRH:0
end_of_record
TN:
SF:src\ts\service\Cart.ts
FN:3,(anonymous_1)
FN:6,(anonymous_3)
FN:9,(anonymous_4)
FN:10,(anonymous_5)
FN:12,(anonymous_6)
FN:13,(anonymous_7)
FN:16,(anonymous_8)
FN:17,(anonymous_9)
FN:18,(anonymous_10)
FN:23,(anonymous_11)
FNF:10
FNH:10
FNDA:7,(anonymous_1)
FNDA:15,(anonymous_3)
FNDA:1,(anonymous_4)
FNDA:3,(anonymous_5)
FNDA:1,(anonymous_6)
FNDA:3,(anonymous_7)
FNDA:2,(anonymous_8)
FNDA:4,(anonymous_9)
FNDA:1,(anonymous_10)
FNDA:3,(anonymous_11)
DA:3,1
DA:4,6
DA:6,1
DA:7,15
DA:9,1
DA:10,3
DA:12,1
DA:13,3
DA:14,1
DA:16,1
DA:17,4
DA:18,1
DA:20,1
DA:23,1
DA:24,3
DA:26,1
LF:16
LH:16
BRDA:17,0,0,1
BRDA:17,0,1,1
BRF:2
BRH:2
end_of_record
